This is pdfTeX, Version 3.14159265-2.6-1.40.20 (TeX Live 2019) (preloaded format=pdflatex 2020.2.6)  12 FEB 2020 12:36
entering extended mode
 restricted \write18 enabled.
 file:line:error style messages enabled.
 %&-line parsing enabled.
**firas-perturbations.tex
(/Users/smsharma/PycharmProjects/spectral_distortions_perturbations/paper/draft-letter/firas-perturbations.tex
LaTeX2e <2020-02-02>
L3 programming layer <2020-02-03> (/usr/local/texlive/2016/texmf-dist/tex/latex/revtex/revtex4-1.cls
Document Class: revtex4-1 2010/07/25/20:33:00 4.1r (http://publish.aps.org/revtex4/ for documentation)
 Copyright (c) 2009 The American Physical Society.
 mailto:revtex@aps.org
 Licensed under the LPPL:
http://www.ctan.org/tex-archive/macros/latex/base/lppl.txt
 Arthur Ogawa <arthur_ogawa at sbcglobal dot net>
 Based on work by David Carlisle <david at dcarlisle.demon.co.uk>.
ltxutil[2010/07/25/20:33:00 4.1r utilities package (portions licensed from W. E. Baxter web at superscript.com)]
LaTeX Info: Redefining \@centercr on input line 308.
Class revtex4-1 Info: Repairing broken LaTeX eqnarray on input line 358.
\eqncolsep=\skip47
Class revtex4-1 Info: Repairing hyperref-unfriendly LaTeX definition of \mpfootnote on input line 433.
Class revtex4-1 Info: Repairing broken LateX \@sect on input line 755.
\intertabularlinepenalty=\count167
\@tbpen=\count168
\@arstrutbox@hline=\box45
Class revtex4-1 Info: Repairing broken LaTeX \@xbitor on input line 1786.
Class revtex4-1 Info: Making \typeout \long on input line 2046.
ltxfront[2010/07/25/20:33:00 4.1r frontmatter package (AO,DPC)]
\c@affil=\count169
\c@collab=\count170
\absbox=\box46
ltxgrid[2010/07/25/20:33:00 4.1r page grid package (portions licensed from W. E. Baxter web at superscript.com)]
\c@linecount=\count171
\output@latex=\toks14
\box@size@1=\box47
\box@size@2=\box48
\@protection@box=\box49
\@topmark@saved=\toks15
\footins@saved=\box50
\footins@recovered=\box51
\column@recovered=\box52
\pagesofar=\box53
\footsofar=\box54
\pagegrid@col=\count172

Class revtex4-1 Warning: Failed to recognize \@vspace, \@vspacer, \@no@pgbk, \@newline, and \\; no patches applied. Please get a more up-to-date class, .

\c@part=\count173
\c@section=\count174
\c@subsection=\count175
\c@subsubsection=\count176
\c@paragraph=\count177
\c@subparagraph=\count178
\abovecaptionskip=\skip48
\belowcaptionskip=\skip49
\c@figure=\count179
\fbox@1=\box55
\c@table=\count180
\fbox@2=\box56
\c@video=\count181
\fbox@4=\box57
\@bibdataout=\write3
\widetext@top=\box58
\widetext@bot=\box59
Class revtex4-1 Info: Selecting society aps on input line 7542.
(/usr/local/texlive/2016/texmf-dist/tex/latex/revtex/aps4-1.rtx
File: aps4-1 2010/07/25/20:33:00 4.1r (http://publish.aps.org/revtex4/ for documentation)
Class revtex4-1 Info: RevTeX society APS selected on input line 31.
)
Class revtex4-1 Info: Selecting journal prd on input line 7544.
Class revtex4-1 Info: APS journal PRD selected on input line 7545.
 (/usr/local/texlive/2016/texmf-dist/tex/latex/revtex/aps10pt4-1.rtx
File: aps10pt4-1 2010/07/25/20:33:00 4.1r (http://publish.aps.org/revtex4/ for documentation)
Class revtex4-1 Info: RevTeX pointsize 10pt selected on input line 30.
) (/usr/local/texlive/2016/texmf-dist/tex/latex/textcase/textcase.sty
Package: textcase 2019/09/14 v1.00 Text only upper/lower case changing (DPC)
) (/usr/local/texlive/2016/texmf-dist/tex/latex/url/url.sty
\Urlmuskip=\muskip16
Package: url 2013/09/16  ver 3.4  Verb mode for urls, etc.
) (/usr/local/texlive/2016/texmf-dist/tex/latex/natbib/natbib.sty
Package: natbib 2010/09/13 8.31b (PWD, AO)
\bibhang=\skip50
\bibsep=\skip51
LaTeX Info: Redefining \cite on input line 694.
\c@NAT@ctr=\count182
)
Class revtex4-1 Info: Repairing natbib's \BibitemShut on input line 7549.
 (/usr/local/texlive/2016/texmf-dist/tex/latex/revtex/revsymb4-1.sty
Package: revsymb4-1 2010/07/25/20:33:00 4.1r (http://publish.aps.org/revtex4/ for documentation)
LaTeX Info: Redefining \REV@mathfrak on input line 119.
)) (/usr/local/texlive/2016/texmf-dist/tex/latex/amsmath/amsmath.sty
Package: amsmath 2020/01/20 v2.17e AMS math features
\@mathmargin=\skip52

For additional information on amsmath, use the `?' option.
(/usr/local/texlive/2016/texmf-dist/tex/latex/amsmath/amstext.sty
Package: amstext 2000/06/29 v2.01 AMS text
 (/usr/local/texlive/2016/texmf-dist/tex/latex/amsmath/amsgen.sty
File: amsgen.sty 1999/11/30 v2.0 generic functions
\@emptytoks=\toks16
\ex@=\dimen134
)
LaTeX Info: Redefining \text on input line 28.
) (/usr/local/texlive/2016/texmf-dist/tex/latex/amsmath/amsbsy.sty
Package: amsbsy 1999/11/29 v1.2d Bold Symbols
\pmbraise@=\dimen135
) (/usr/local/texlive/2016/texmf-dist/tex/latex/amsmath/amsopn.sty
Package: amsopn 2016/03/08 v2.02 operator names
)
\inf@bad=\count183
LaTeX Info: Redefining \frac on input line 227.
\uproot@=\count184
\leftroot@=\count185
LaTeX Info: Redefining \overline on input line 389.
\classnum@=\count186
\DOTSCASE@=\count187
LaTeX Info: Redefining \ldots on input line 486.
LaTeX Info: Redefining \dots on input line 489.
LaTeX Info: Redefining \cdots on input line 610.
\Mathstrutbox@=\box60
\strutbox@=\box61
\big@size=\dimen136
LaTeX Font Info:    Redeclaring font encoding OML on input line 733.
LaTeX Font Info:    Redeclaring font encoding OMS on input line 734.
\macc@depth=\count188
\c@MaxMatrixCols=\count189
\dotsspace@=\muskip17
\c@parentequation=\count190
\dspbrk@lvl=\count191
\tag@help=\toks17
\row@=\count192
\column@=\count193
\maxfields@=\count194
\andhelp@=\toks18
\eqnshift@=\dimen137
\alignsep@=\dimen138
\tagshift@=\dimen139
\tagwidth@=\dimen140
\totwidth@=\dimen141
\lineht@=\dimen142
\@envbody=\toks19
\multlinegap=\skip53
\multlinetaggap=\skip54
\mathdisplay@stack=\toks20
LaTeX Info: Redefining \[ on input line 2859.
LaTeX Info: Redefining \] on input line 2860.
) (/usr/local/texlive/2016/texmf-dist/tex/latex/amsfonts/amssymb.sty
Package: amssymb 2013/01/14 v3.01 AMS font symbols
 (/usr/local/texlive/2016/texmf-dist/tex/latex/amsfonts/amsfonts.sty
Package: amsfonts 2013/01/14 v3.01 Basic AMSFonts support
\symAMSa=\mathgroup4
\symAMSb=\mathgroup5
LaTeX Font Info:    Redeclaring math symbol \hbar on input line 98.
LaTeX Font Info:    Overwriting math alphabet `\mathfrak' in version `bold'
(Font)                  U/euf/m/n --> U/euf/b/n on input line 106.
LaTeX Info: Redefining \frak on input line 111.
LaTeX Info: Redefining \Bbb on input line 113.
)) (/usr/local/texlive/2016/texmf-dist/tex/latex/mathtools/mathtools.sty
Package: mathtools 2020/01/17 v1.23 mathematical typesetting tools
 (/usr/local/texlive/2016/texmf-dist/tex/latex/graphics/keyval.sty
Package: keyval 2014/10/28 v1.15 key=value parser (DPC)
\KV@toks@=\toks21
) (/usr/local/texlive/2016/texmf-dist/tex/latex/tools/calc.sty
Package: calc 2017/05/25 v4.3 Infix arithmetic (KKT,FJ)
\calc@Acount=\count195
\calc@Bcount=\count196
\calc@Adimen=\dimen143
\calc@Bdimen=\dimen144
\calc@Askip=\skip55
\calc@Bskip=\skip56
LaTeX Info: Redefining \setlength on input line 80.
LaTeX Info: Redefining \addtolength on input line 81.
\calc@Ccount=\count197
\calc@Cskip=\skip57
) (/usr/local/texlive/2016/texmf-dist/tex/latex/mathtools/mhsetup.sty
Package: mhsetup 2017/03/31 v1.3 programming setup (MH)
)
LaTeX Info: Thecontrolsequence`\('isalreadyrobust on input line 129.
LaTeX Info: Thecontrolsequence`\)'isalreadyrobust on input line 129.
LaTeX Info: Thecontrolsequence`\['isalreadyrobust on input line 129.
LaTeX Info: Thecontrolsequence`\]'isalreadyrobust on input line 129.
\g_MT_multlinerow_int=\count198
\l_MT_multwidth_dim=\dimen145
\origjot=\skip58
\l_MT_shortvdotswithinadjustabove_dim=\dimen146
\l_MT_shortvdotswithinadjustbelow_dim=\dimen147
\l_MT_above_intertext_sep=\dimen148
\l_MT_below_intertext_sep=\dimen149
\l_MT_above_shortintertext_sep=\dimen150
\l_MT_below_shortintertext_sep=\dimen151
) (/Users/smsharma/PycharmProjects/spectral_distortions_perturbations/paper/draft-letter/fontawesome.sty
Package: fontawesome 2016/05/15 v4.6.3.1 font awesome icons
 (/usr/local/texlive/2016/texmf-dist/tex/generic/iftex/ifxetex.sty
Package: ifxetex 2019/10/25 v0.7 ifxetex legacy package. Use iftex instead.
 (/usr/local/texlive/2016/texmf-dist/tex/generic/iftex/iftex.sty
Package: iftex 2019/11/07 v1.0c TeX engine tests
)) (/usr/local/texlive/2016/texmf-dist/tex/generic/iftex/ifluatex.sty
Package: ifluatex 2019/10/25 v1.5 ifluatex legacy package. Use iftex instead.
) (/usr/local/texlive/2016/texmf-dist/tex/latex/fontawesome/fontawesomesymbols-generic.tex) (/usr/local/texlive/2016/texmf-dist/tex/latex/fontawesome/fontawesomesymbols-pdftex.tex)) (/usr/local/texlive/2016/texmf-dist/tex/latex/xcolor/xcolor.sty
Package: xcolor 2016/05/11 v2.12 LaTeX color extensions (UK)
 (/usr/local/texlive/2016/texmf-dist/tex/latex/graphics-cfg/color.cfg
File: color.cfg 2016/01/02 v1.6 sample color configuration
)
Package xcolor Info: Driver file: pdftex.def on input line 225.
 (/usr/local/texlive/2016/texmf-dist/tex/latex/graphics-def/pdftex.def
File: pdftex.def 2018/01/08 v1.0l Graphics/color driver for pdftex
)
Package xcolor Info: Model `cmy' substituted by `cmy0' on input line 1348.
Package xcolor Info: Model `hsb' substituted by `rgb' on input line 1352.
Package xcolor Info: Model `RGB' extended on input line 1364.
Package xcolor Info: Model `HTML' substituted by `rgb' on input line 1366.
Package xcolor Info: Model `Hsb' substituted by `hsb' on input line 1367.
Package xcolor Info: Model `tHsb' substituted by `hsb' on input line 1368.
Package xcolor Info: Model `HSB' substituted by `hsb' on input line 1369.
Package xcolor Info: Model `Gray' substituted by `gray' on input line 1370.
Package xcolor Info: Model `wave' substituted by `hsb' on input line 1371.
 (/usr/local/texlive/2016/texmf-dist/tex/latex/graphics/dvipsnam.def
File: dvipsnam.def 2016/06/17 v3.0m Driver-dependent file (DPC,SPQR)
)) (/usr/local/texlive/2016/texmf-dist/tex/latex/hyperref/hyperref.sty
Package: hyperref 2020/01/14 v7.00d Hypertext links for LaTeX
 (/usr/local/texlive/2016/texmf-dist/tex/generic/ltxcmds/ltxcmds.sty
Package: ltxcmds 2019/12/15 v1.24 LaTeX kernel commands for general use (HO)
) (/usr/local/texlive/2016/texmf-dist/tex/latex/pdftexcmds/pdftexcmds.sty
Package: pdftexcmds 2019/11/24 v0.31 Utility functions of pdfTeX for LuaTeX (HO)
 (/usr/local/texlive/2016/texmf-dist/tex/generic/infwarerr/infwarerr.sty
Package: infwarerr 2019/12/03 v1.5 Providing info/warning/error messages (HO)
)
Package pdftexcmds Info: \pdf@primitive is available.
Package pdftexcmds Info: \pdf@ifprimitive is available.
Package pdftexcmds Info: \pdfdraftmode found.
) (/usr/local/texlive/2016/texmf-dist/tex/generic/kvsetkeys/kvsetkeys.sty
Package: kvsetkeys 2019/12/15 v1.18 Key value parser (HO)
) (/usr/local/texlive/2016/texmf-dist/tex/generic/kvdefinekeys/kvdefinekeys.sty
Package: kvdefinekeys 2019-12-19 v1.6 Define keys (HO)
) (/usr/local/texlive/2016/texmf-dist/tex/generic/pdfescape/pdfescape.sty
Package: pdfescape 2019/12/09 v1.15 Implements pdfTeX's escape features (HO)
) (/usr/local/texlive/2016/texmf-dist/tex/latex/hycolor/hycolor.sty
Package: hycolor 2020-01-27 v1.10 Color options for hyperref/bookmark (HO)
) (/usr/local/texlive/2016/texmf-dist/tex/latex/letltxmacro/letltxmacro.sty
Package: letltxmacro 2019/12/03 v1.6 Let assignment for LaTeX macros (HO)
) (/usr/local/texlive/2016/texmf-dist/tex/latex/auxhook/auxhook.sty
Package: auxhook 2019-12-17 v1.6 Hooks for auxiliary files (HO)
) (/usr/local/texlive/2016/texmf-dist/tex/latex/kvoptions/kvoptions.sty
Package: kvoptions 2019/11/29 v3.13 Key value format for package options (HO)
)
\@linkdim=\dimen152
\Hy@linkcounter=\count199
\Hy@pagecounter=\count266
 (/usr/local/texlive/2016/texmf-dist/tex/latex/hyperref/pd1enc.def
File: pd1enc.def 2020/01/14 v7.00d Hyperref: PDFDocEncoding definition (HO)
Now handling font encoding PD1 ...
... no UTF-8 mapping file for font encoding PD1
) (/usr/local/texlive/2016/texmf-dist/tex/generic/intcalc/intcalc.sty
Package: intcalc 2019/12/15 v1.3 Expandable calculations with integers (HO)
) (/usr/local/texlive/2016/texmf-dist/tex/generic/etexcmds/etexcmds.sty
Package: etexcmds 2019/12/15 v1.7 Avoid name clashes with e-TeX commands (HO)
)
\Hy@SavedSpaceFactor=\count267
\pdfmajorversion=\count268
Package hyperref Info: Hyper figures OFF on input line 4547.
Package hyperref Info: Link nesting OFF on input line 4552.
Package hyperref Info: Hyper index ON on input line 4555.
Package hyperref Info: Plain pages OFF on input line 4562.
Package hyperref Info: Backreferencing OFF on input line 4567.
Package hyperref Info: Implicit mode ON; LaTeX internals redefined.
Package hyperref Info: Bookmarks ON on input line 4800.
LaTeX Info: Redefining \href on input line 5070.
\c@Hy@tempcnt=\count269
LaTeX Info: Redefining \url on input line 5159.
\XeTeXLinkMargin=\dimen153
 (/usr/local/texlive/2016/texmf-dist/tex/generic/bitset/bitset.sty
Package: bitset 2019/12/09 v1.3 Handle bit-vector datatype (HO)
 (/usr/local/texlive/2016/texmf-dist/tex/generic/bigintcalc/bigintcalc.sty
Package: bigintcalc 2019/12/15 v1.5 Expandable calculations on big integers (HO)
))
\Fld@menulength=\count270
\Field@Width=\dimen154
\Fld@charsize=\dimen155
Package hyperref Info: Hyper figures OFF on input line 6430.
Package hyperref Info: Link nesting OFF on input line 6435.
Package hyperref Info: Hyper index ON on input line 6438.
Package hyperref Info: backreferencing OFF on input line 6445.
Package hyperref Info: Link coloring OFF on input line 6450.
Package hyperref Info: Link coloring with OCG OFF on input line 6455.
Package hyperref Info: PDF/A mode OFF on input line 6460.
LaTeX Info: Redefining \ref on input line 6500.
LaTeX Info: Redefining \pageref on input line 6504.
 (/usr/local/texlive/2016/texmf-dist/tex/generic/atbegshi/atbegshi.sty
Package: atbegshi 2019/12/05 v1.19 At begin shipout hook (HO)
)
\Hy@abspage=\count271
\c@Item=\count272
\c@Hfootnote=\count273
)
Package hyperref Info: Driver (autodetected): hpdftex.
 (/usr/local/texlive/2016/texmf-dist/tex/latex/hyperref/hpdftex.def
File: hpdftex.def 2020/01/14 v7.00d Hyperref driver for pdfTeX
 (/usr/local/texlive/2016/texmf-dist/tex/latex/atveryend/atveryend.sty
Package: atveryend 2019-12-11 v1.11 Hooks at the very end of document (HO)
)
\Fld@listcount=\count274
\c@bookmark@seq@number=\count275
 (/usr/local/texlive/2016/texmf-dist/tex/latex/rerunfilecheck/rerunfilecheck.sty
Package: rerunfilecheck 2019/12/05 v1.9 Rerun checks for auxiliary files (HO)
 (/usr/local/texlive/2016/texmf-dist/tex/generic/uniquecounter/uniquecounter.sty
Package: uniquecounter 2019/12/15 v1.4 Provide unlimited unique counter (HO)
)
Package uniquecounter Info: New unique counter `rerunfilecheck' on input line 286.
)
\Hy@SectionHShift=\skip59
) (/usr/local/texlive/2016/texmf-dist/tex/latex/tools/xspace.sty
Package: xspace 2014/10/28 v1.13 Space after command names (DPC,MH)
) (/usr/local/texlive/2016/texmf-dist/tex/latex/fancyhdr/fancyhdr.sty
Package: fancyhdr 2019/01/31 v3.10 Extensive control of page headers and footers
\f@nch@headwidth=\skip60
\f@nch@O@elh=\skip61
\f@nch@O@erh=\skip62
\f@nch@O@olh=\skip63
\f@nch@O@orh=\skip64
\f@nch@O@elf=\skip65
\f@nch@O@erf=\skip66
\f@nch@O@olf=\skip67
\f@nch@O@orf=\skip68
) (/usr/local/texlive/2016/texmf-dist/tex/latex/braket/braket.sty) (/usr/local/texlive/2016/texmf-dist/tex/latex/graphics/graphicx.sty
Package: graphicx 2019/11/30 v1.2a Enhanced LaTeX Graphics (DPC,SPQR)
 (/usr/local/texlive/2016/texmf-dist/tex/latex/graphics/graphics.sty
Package: graphics 2019/11/30 v1.4a Standard LaTeX Graphics (DPC,SPQR)
 (/usr/local/texlive/2016/texmf-dist/tex/latex/graphics/trig.sty
Package: trig 2016/01/03 v1.10 sin cos tan (DPC)
) (/usr/local/texlive/2016/texmf-dist/tex/latex/graphics-cfg/graphics.cfg
File: graphics.cfg 2016/06/04 v1.11 sample graphics configuration
)
Package graphics Info: Driver file: pdftex.def on input line 105.
)
\Gin@req@height=\dimen156
\Gin@req@width=\dimen157
) (/usr/local/texlive/2016/texmf-dist/tex/latex/siunitx/siunitx.sty (/usr/local/texlive/2016/texmf-dist/tex/latex/l3kernel/expl3.sty
Package: expl3 2020-02-03 L3 programming layer (loader) 
 (/usr/local/texlive/2016/texmf-dist/tex/latex/l3backend/l3backend-pdfmode.def
File: l3backend-pdfmode.def 2020-02-03 L3 backend support: PDF mode
\l__kernel_color_stack_int=\count276
\l__pdf_internal_box=\box62
)) (/usr/local/texlive/2016/texmf-dist/tex/latex/l3packages/xparse/xparse.sty
Package: xparse 2020-02-03 L3 Experimental document command parser
\l__xparse_current_arg_int=\count277
\g__xparse_grabber_int=\count278
\l__xparse_m_args_int=\count279
\l__xparse_v_nesting_int=\count280
)
Package: siunitx 2020/01/15 v2.7u A comprehensive (SI) units package
 (/usr/local/texlive/2016/texmf-dist/tex/latex/tools/array.sty
Package: array 2019/08/31 v2.4l Tabular extension package (FMi)
\col@sep=\dimen158
\ar@mcellbox=\box63
\extrarowheight=\dimen159
\NC@list=\toks22
\extratabsurround=\skip69
\backup@length=\skip70
\ar@cellbox=\box64
) (/usr/local/texlive/2016/texmf-dist/tex/latex/l3packages/l3keys2e/l3keys2e.sty
Package: l3keys2e 2020-02-03 LaTeX2e option processing using LaTeX3 keys
)
\l__siunitx_tmp_box=\box65
\l__siunitx_tmp_dim=\dimen160
\l__siunitx_tmp_int=\count281
\l__siunitx_number_mantissa_length_int=\count282
\l__siunitx_number_uncert_length_int=\count283
\l__siunitx_round_int=\count284
\l__siunitx_process_decimal_int=\count285
\l__siunitx_process_uncertainty_int=\count286
\l__siunitx_process_fixed_int=\count287
\l__siunitx_process_integer_min_int=\count288
\l__siunitx_process_precision_int=\count289
\l__siunitx_group_min_int=\count290
\l__siunitx_angle_marker_box=\box66
\l__siunitx_angle_unit_box=\box67
\l__siunitx_angle_marker_dim=\dimen161
\l__siunitx_angle_unit_dim=\dimen162
\l__siunitx_unit_int=\count291
\l__siunitx_unit_denominator_int=\count292
\l__siunitx_unit_numerator_int=\count293
\l__siunitx_unit_prefix_int=\count294
\l__siunitx_unit_prefix_base_int=\count295
\l__siunitx_unit_prefix_gram_int=\count296
\l__siunitx_number_product_int=\count297
\c__siunitx_one_fill_skip=\skip71
\l__siunitx_table_unit_align_skip=\skip72
\l__siunitx_table_exponent_dim=\dimen163
\l__siunitx_table_integer_dim=\dimen164
\l__siunitx_table_mantissa_dim=\dimen165
\l__siunitx_table_marker_dim=\dimen166
\l__siunitx_table_result_dim=\dimen167
\l__siunitx_table_uncert_dim=\dimen168
\l__siunitx_table_fill_pre_dim=\dimen169
\l__siunitx_table_fill_post_dim=\dimen170
\l__siunitx_table_fill_mid_dim=\dimen171
\l__siunitx_table_pre_box=\box68
\l__siunitx_table_post_box=\box69
\l__siunitx_table_mantissa_box=\box70
\l__siunitx_table_result_box=\box71
\l__siunitx_table_number_align_skip=\skip73
\l__siunitx_table_text_align_skip=\skip74
 (/usr/local/texlive/2016/texmf-dist/tex/latex/translator/translator.sty
Package: translator 2019-05-31 v1.12a Easy translation of strings in LaTeX
)) (/Users/smsharma/PycharmProjects/spectral_distortions_perturbations/paper/draft-letter/definitions.tex)
Package hyperref Info: Option `colorlinks' set `true' on input line 22.
Package hyperref Info: Option `linktocpage' set `true' on input line 22.
Class revtex4-1 Info: Unrecognized array package. Please update this document class! (Proceeding with fingers crossed.) on input line 27.
Class revtex4-1 Info: cite was not loaded (OK!) on input line 27.
Class revtex4-1 Info: mcite was not loaded (OK!) on input line 27.
Class revtex4-1 Info: multicol was not loaded (OK!) on input line 27.
 (/Users/smsharma/PycharmProjects/spectral_distortions_perturbations/paper/draft-letter/firas-perturbations.aux)
\openout1 = `firas-perturbations.aux'.

LaTeX Font Info:    Checking defaults for OML/cmm/m/it on input line 27.
LaTeX Font Info:    ... okay on input line 27.
LaTeX Font Info:    Checking defaults for OMS/cmsy/m/n on input line 27.
LaTeX Font Info:    ... okay on input line 27.
LaTeX Font Info:    Checking defaults for OT1/cmr/m/n on input line 27.
LaTeX Font Info:    ... okay on input line 27.
LaTeX Font Info:    Checking defaults for T1/cmr/m/n on input line 27.
LaTeX Font Info:    ... okay on input line 27.
LaTeX Font Info:    Checking defaults for TS1/cmr/m/n on input line 27.
LaTeX Font Info:    ... okay on input line 27.
LaTeX Font Info:    Checking defaults for OMX/cmex/m/n on input line 27.
LaTeX Font Info:    ... okay on input line 27.
LaTeX Font Info:    Checking defaults for U/cmr/m/n on input line 27.
LaTeX Font Info:    ... okay on input line 27.
LaTeX Font Info:    Checking defaults for PD1/pdf/m/n on input line 27.
LaTeX Font Info:    ... okay on input line 27.
 (/usr/local/texlive/2016/texmf-dist/tex/context/base/mkii/supp-pdf.mkii
[Loading MPS to PDF converter (version 2006.09.02).]
\scratchcounter=\count298
\scratchdimen=\dimen172
\scratchbox=\box72
\nofMPsegments=\count299
\nofMParguments=\count300
\everyMPshowfont=\toks23
\MPscratchCnt=\count301
\MPscratchDim=\dimen173
\MPnumerator=\count302
\makeMPintoPDFobject=\count303
\everyMPtoPDFconversion=\toks24
) (/usr/local/texlive/2016/texmf-dist/tex/latex/epstopdf-pkg/epstopdf-base.sty
Package: epstopdf-base 2020-01-24 v2.11 Base part for package epstopdf
Package epstopdf-base Info: Redefining graphics rule for `.eps' on input line 485.
 (/usr/local/texlive/2016/texmf-dist/tex/latex/latexconfig/epstopdf-sys.cfg
File: epstopdf-sys.cfg 2010/07/13 v1.3 Configuration of (r)epstopdf for TeX Live
))
\AtBeginShipoutBox=\box73
Package hyperref Info: Link coloring ON on input line 27.
 (/usr/local/texlive/2016/texmf-dist/tex/latex/hyperref/nameref.sty
Package: nameref 2019/09/16 v2.46 Cross-referencing by name of section
 (/usr/local/texlive/2016/texmf-dist/tex/latex/refcount/refcount.sty
Package: refcount 2019/12/15 v3.6 Data extraction from label references (HO)
) (/usr/local/texlive/2016/texmf-dist/tex/generic/gettitlestring/gettitlestring.sty
Package: gettitlestring 2019/12/15 v1.6 Cleanup title references (HO)
)
\c@section@level=\count304
)
LaTeX Info: Redefining \ref on input line 27.
LaTeX Info: Redefining \pageref on input line 27.
LaTeX Info: Redefining \nameref on input line 27.
 (/Users/smsharma/PycharmProjects/spectral_distortions_perturbations/paper/draft-letter/firas-perturbations.out) (/Users/smsharma/PycharmProjects/spectral_distortions_perturbations/paper/draft-letter/firas-perturbations.out)
\@outlinefile=\write4
\openout4 = `firas-perturbations.out'.

 (/usr/local/texlive/2016/texmf-dist/tex/latex/translator/translator-basic-dictionary-English.dict
Dictionary: translator-basic-dictionary, Language: English 
) (/usr/local/texlive/2016/texmf-dist/tex/latex/siunitx/siunitx-abbreviations.cfg
File: siunitx-abbreviations.cfg 2017/11/26 v2.7k siunitx: Abbreviated units
)
Class revtex4-1 Info: Taking \maketitle back from hyperref on input line 27.
\openout3 = `firas-perturbationsNotes.bib'.

LaTeX Font Info:    Trying to load font information for U+msa on input line 27.
 (/usr/local/texlive/2016/texmf-dist/tex/latex/amsfonts/umsa.fd
File: umsa.fd 2013/01/14 v3.01 AMS symbols A
)
LaTeX Font Info:    Trying to load font information for U+msb on input line 27.
 (/usr/local/texlive/2016/texmf-dist/tex/latex/amsfonts/umsb.fd
File: umsb.fd 2013/01/14 v3.01 AMS symbols B
)
LaTeX Font Info:    Trying to load font information for U+fontawesometwo on input line 55.
 (/usr/local/texlive/2016/texmf-dist/tex/latex/fontawesome/ufontawesometwo.fd
File: ufontawesometwo.fd 2016/05/22 Font definitions for U/fontawesometwo.
)
<plots/perturbations.pdf, id=68, 1107.5635pt x 423.36409pt>
File: plots/perturbations.pdf Graphic file (type pdf)
<use plots/perturbations.pdf>
Package pdftex.def Info: plots/perturbations.pdf  used on input line 73.
(pdftex.def)             Requested size: 504.9028pt x 192.99918pt.
LaTeX Font Info:    Trying to load font information for U+fontawesomeone on input line 77.
 (/usr/local/texlive/2016/texmf-dist/tex/latex/fontawesome/ufontawesomeone.fd
File: ufontawesomeone.fd 2016/05/22 Font definitions for U/fontawesomeone.
) [1{/usr/local/texlive/2016/texmf-var/fonts/map/pdftex/updmap/pdftex.map}] [2 </Users/smsharma/PycharmProjects/spectral_distortions_perturbations/paper/draft-letter/plots/perturbations.pdf>]
<plots/m_Ap_single_LN.pdf, id=207, 443.45374pt x 398.5993pt>
File: plots/m_Ap_single_LN.pdf Graphic file (type pdf)
<use plots/m_Ap_single_LN.pdf>
Package pdftex.def Info: plots/m_Ap_single_LN.pdf  used on input line 135.
(pdftex.def)             Requested size: 239.70062pt x 215.45937pt.
<plots/limit.pdf, id=210, 444.73848pt x 361.35pt>
File: plots/limit.pdf Graphic file (type pdf)
<use plots/limit.pdf>
Package pdftex.def Info: plots/limit.pdf  used on input line 144.
(pdftex.def)             Requested size: 249.9028pt x 203.04384pt.
<plots/limit_DP_DM.pdf, id=211, 444.73848pt x 361.35pt>
File: plots/limit_DP_DM.pdf Graphic file (type pdf)
<use plots/limit_DP_DM.pdf>
Package pdftex.def Info: plots/limit_DP_DM.pdf  used on input line 145.
(pdftex.def)             Requested size: 249.9028pt x 203.04384pt.
 [3 </Users/smsharma/PycharmProjects/spectral_distortions_perturbations/paper/draft-letter/plots/m_Ap_single_LN.pdf>] [4 </Users/smsharma/PycharmProjects/spectral_distortions_perturbations/paper/draft-letter/plots/limit.pdf> </Users/smsharma/PycharmProjects/spectral_distortions_perturbations/paper/draft-letter/plots/limit_DP_DM.pdf

pdfTeX warning: pdflatex (file /Users/smsharma/PycharmProjects/spectral_distortions_perturbations/paper/draft-letter/plots/limit_DP_DM.pdf): PDF inclusion: multiple pdfs with page group included in a single page
>]
Underfull \hbox (badness 2384) in paragraph at lines 183--184
\OT1/cmr/m/n/10 mass re-quires mod-el-ing the non-Gaussian PDF of
 []


Underfull \hbox (badness 1661) in paragraph at lines 192--196
\OT1/cmr/m/n/10 BA-HAMAS sim-u-la-tions. We are es-pe-cially grate-
 []


Underfull \hbox (badness 1466) in paragraph at lines 192--196
\OT1/cmr/m/n/10 ful to Misha Ivanov for many en-light-en-ing dis-cus-
 []

[5]
Underfull \hbox (badness 6348) in paragraph at lines 202--202
  [][][]\OT1/cmr/m/n/8 Available at [][]$\OT1/cmtt/m/n/8 https : / / lambda . gsfc . nasa . gov / product / cobe /
 []


Underfull \hbox (badness 1168) in paragraph at lines 205--207
\OT1/cmr/m/n/10 the an-gu-lar fre-quency. Resid-u-als be-tween the FI-
 []

<plots/firas_bb.pdf, id=450, 419.46387pt x 360.77103pt>
File: plots/firas_bb.pdf Graphic file (type pdf)
<use plots/firas_bb.pdf>
Package pdftex.def Info: plots/firas_bb.pdf  used on input line 225.
(pdftex.def)             Requested size: 239.70062pt x 206.16458pt.
[6 </Users/smsharma/PycharmProjects/spectral_distortions_perturbations/paper/draft-letter/plots/firas_bb.pdf>]
<plots/PDFs.pdf, id=522, 444.73848pt x 361.35pt>
File: plots/PDFs.pdf Graphic file (type pdf)
<use plots/PDFs.pdf>
Package pdftex.def Info: plots/PDFs.pdf  used on input line 249.
(pdftex.def)             Requested size: 239.70062pt x 194.75667pt.
<plots/limit_dp_pdf_tails.pdf, id=527, 444.73848pt x 361.35pt>
File: plots/limit_dp_pdf_tails.pdf Graphic file (type pdf)
<use plots/limit_dp_pdf_tails.pdf>
Package pdftex.def Info: plots/limit_dp_pdf_tails.pdf  used on input line 258.
(pdftex.def)             Requested size: 239.70062pt x 194.75667pt.
<plots/limit_dp_pdfs.pdf, id=528, 444.73848pt x 361.35pt>
File: plots/limit_dp_pdfs.pdf Graphic file (type pdf)
<use plots/limit_dp_pdfs.pdf>
Package pdftex.def Info: plots/limit_dp_pdfs.pdf  used on input line 259.
(pdftex.def)             Requested size: 239.70062pt x 194.75667pt.
<plots/limit_dp_redshifts.pdf, id=529, 444.73848pt x 361.35pt>
File: plots/limit_dp_redshifts.pdf Graphic file (type pdf)
<use plots/limit_dp_redshifts.pdf>
Package pdftex.def Info: plots/limit_dp_redshifts.pdf  used on input line 260.
(pdftex.def)             Requested size: 239.70062pt x 194.75667pt.
<plots/limit_dp_dm_pdf_tails.pdf, id=534, 444.73848pt x 361.35pt>
File: plots/limit_dp_dm_pdf_tails.pdf Graphic file (type pdf)
<use plots/limit_dp_dm_pdf_tails.pdf>
Package pdftex.def Info: plots/limit_dp_dm_pdf_tails.pdf  used on input line 269.
(pdftex.def)             Requested size: 239.70062pt x 194.75667pt.
<plots/limit_dp_dm_pdfs.pdf, id=535, 444.73848pt x 361.35pt>
File: plots/limit_dp_dm_pdfs.pdf Graphic file (type pdf)
<use plots/limit_dp_dm_pdfs.pdf>
Package pdftex.def Info: plots/limit_dp_dm_pdfs.pdf  used on input line 270.
(pdftex.def)             Requested size: 239.70062pt x 194.75667pt.
 [7 </Users/smsharma/PycharmProjects/spectral_distortions_perturbations/paper/draft-letter/plots/PDFs.pdf>] [8 </Users/smsharma/PycharmProjects/spectral_distortions_perturbations/paper/draft-letter/plots/limit_dp_pdf_tails.pdf> </Users/smsharma/PycharmProjects/spectral_distortions_perturbations/paper/draft-letter/plots/limit_dp_pdfs.pdf

pdfTeX warning: pdflatex (file /Users/smsharma/PycharmProjects/spectral_distortions_perturbations/paper/draft-letter/plots/limit_dp_pdfs.pdf): PDF inclusion: multiple pdfs with page group included in a single page
> </Users/smsharma/PycharmProjects/spectral_distortions_perturbations/paper/draft-letter/plots/limit_dp_redshifts.pdf

pdfTeX warning: pdflatex (file /Users/smsharma/PycharmProjects/spectral_distortions_perturbations/paper/draft-letter/plots/limit_dp_redshifts.pdf): PDF inclusion: multiple pdfs with page group included in a single page
>]
<plots/limit_dp_k_max.pdf, id=667, 444.73848pt x 361.35pt>
File: plots/limit_dp_k_max.pdf Graphic file (type pdf)
<use plots/limit_dp_k_max.pdf>
Package pdftex.def Info: plots/limit_dp_k_max.pdf  used on input line 304.
(pdftex.def)             Requested size: 239.70062pt x 194.75667pt.
<plots/limit_DP_DM_k_max.pdf, id=668, 444.73848pt x 361.35pt>
File: plots/limit_DP_DM_k_max.pdf Graphic file (type pdf)
<use plots/limit_DP_DM_k_max.pdf>
Package pdftex.def Info: plots/limit_DP_DM_k_max.pdf  used on input line 305.
(pdftex.def)             Requested size: 239.70062pt x 194.75667pt.
 [9 </Users/smsharma/PycharmProjects/spectral_distortions_perturbations/paper/draft-letter/plots/limit_dp_dm_pdf_tails.pdf> </Users/smsharma/PycharmProjects/spectral_distortions_perturbations/paper/draft-letter/plots/limit_dp_dm_pdfs.pdf

pdfTeX warning: pdflatex (file /Users/smsharma/PycharmProjects/spectral_distortions_perturbations/paper/draft-letter/plots/limit_dp_dm_pdfs.pdf): PDF inclusion: multiple pdfs with page group included in a single page
>]
Underfull \hbox (badness 1107) in paragraph at lines 329--330
\OT1/cmr/m/n/10 con-ver-sions for the low-est masses ac-ces-si-ble to our
 []


Underfull \hbox (badness 10000) in paragraph at lines 329--330

 []

(/Users/smsharma/PycharmProjects/spectral_distortions_perturbations/paper/draft-letter/firas-perturbations.bbl [10 </Users/smsharma/PycharmProjects/spectral_distortions_perturbations/paper/draft-letter/plots/limit_dp_k_max.pdf> </Users/smsharma/PycharmProjects/spectral_distortions_perturbations/paper/draft-letter/plots/limit_DP_DM_k_max.pdf

pdfTeX warning: pdflatex (file /Users/smsharma/PycharmProjects/spectral_distortions_perturbations/paper/draft-letter/plots/limit_DP_DM_k_max.pdf): PDF inclusion: multiple pdfs with page group included in a single page
>]
Underfull \hbox (badness 1173) in paragraph at lines 144--152
 []\OT1/cmr/m/n/9 P. Agrawal, N. Ki-ta-jima, M. Reece, T. Sekiguchi,
 []


Underfull \hbox (badness 10000) in paragraph at lines 245--250
 []\OT1/cmr/m/n/9 S. D. Mc-Der-mott and S. J. Witte,  (2019),
 []


Underfull \hbox (badness 4181) in paragraph at lines 539--546
 [][]\OT1/cmr/m/n/9 Mon. Not. Roy. As-tron. Soc. \OT1/cmr/bx/n/9 491\OT1/cmr/m/n/9 , 2424 (2020)[][],
 []


Underfull \hbox (badness 3108) in paragraph at lines 560--566
 []\OT1/cmr/m/n/9 P. Valageas, [][]As-tron. As-tro-phys. \OT1/cmr/bx/n/9 382\OT1/cmr/m/n/9 , 412 (2002)[][],
 []


Underfull \hbox (badness 3108) in paragraph at lines 569--577
 []\OT1/cmr/m/n/9 P. Valageas, [][]As-tron. As-tro-phys. \OT1/cmr/bx/n/9 382\OT1/cmr/m/n/9 , 477 (2002)[][],
 []

[11]
Underfull \hbox (badness 2142) in paragraph at lines 734--742
 []\OT1/cmr/m/n/9 M. Pospelov, J. Pradler, J. T. Ru-d-er-man,  and
 []


Underfull \hbox (badness 1939) in paragraph at lines 734--742
 \OT1/cmr/m/n/9 A. Ur-bano, [][]Phys. Rev. Lett. \OT1/cmr/bx/n/9 121\OT1/cmr/m/n/9 , 031103 (2018)[][],
 []


Underfull \hbox (badness 10000) in paragraph at lines 757--762
 []\OT1/cmr/m/n/9 K. N. Abaza-jian \OT1/cmr/m/it/9 et al. \OT1/cmr/m/n/9 (CMB-S4),  (2016),
 []


Underfull \hbox (badness 1107) in paragraph at lines 846--854
 \OT1/cmr/m/n/9 jak,  and Z. Slepian, [][]As-tron. J. \OT1/cmr/bx/n/9 156\OT1/cmr/m/n/9 , 160 (2018)[][],
 []


Underfull \hbox (badness 10000) in paragraph at lines 883--887
 []\OT1/cmr/m/n/9 P. Vir-ta-nen \OT1/cmr/m/it/9 et al.\OT1/cmr/m/n/9 , [][]Na-ture Meth-ods  (2020),
 []


Underfull \hbox (badness 3271) in paragraph at lines 957--965
 []\OT1/cmr/m/n/9 E. Ader-mann, P. J. Elahi, G. F. Lewis,  and
 []


Underfull \hbox (badness 1400) in paragraph at lines 1000--1008
 []\OT1/cmr/m/n/9 A. Mead, C. Hey-mans, L. Lom-briser, J. Pea-cock,
 []


Underfull \hbox (badness 7944) in paragraph at lines 1040--1047
 []\OT1/cmr/m/n/9 E. Jen-nings, Y. Li,  and W. Hu, [][] (2013),
 []


Underfull \hbox (badness 10000) in paragraph at lines 1040--1047
 \OT1/cmr/m/n/9 10.1093/mn-ras/stt1169[][], [Mon. Not. Roy. As-tron.
 []

) [12]
Package atveryend Info: Empty hook `AfterLastShipout' on input line 338.
 (/Users/smsharma/PycharmProjects/spectral_distortions_perturbations/paper/draft-letter/firas-perturbations.aux)
Package atveryend Info: Executing hook `AtVeryEndDocument' on input line 338.
Package atveryend Info: Executing hook `AtEndAfterFileList' on input line 338.
Package rerunfilecheck Info: File `firas-perturbations.out' has not changed.
(rerunfilecheck)             Checksum: B1EF22F0BB6D74BAFE5EC8A39CDC50FD;711.
 ) 
Here is how much of TeX's memory you used:
 14247 strings out of 481248
 249521 string characters out of 5918199
 562226 words of memory out of 5000000
 29135 multiletter control sequences out of 15000+600000
 544360 words of font info for 71 fonts, out of 8000000 for 9000
 1141 hyphenation exceptions out of 8191
 35i,20n,45p,1991b,1114s stack positions out of 5000i,500n,10000p,200000b,80000s
{/usr/local/texlive/2016/texmf-dist/fonts/enc/fontawesomeone.enc}{/usr/local/texlive/2016/texmf-dist/fonts/enc/fontawesometwo.enc}</usr/local/texlive/2016/texmf-dist/fonts/type1/FontAwesome.pfb></usr/local/texlive/2016/texmf-dist/fonts/type1/public/amsfonts/cm/cmbx10.pfb></usr/local/texlive/2016/texmf-dist/fonts/type1/public/amsfonts/cm/cmbx12.pfb></usr/local/texlive/2016/texmf-dist/fonts/type1/public/amsfonts/cm/cmbx9.pfb></usr/local/texlive/2016/texmf-dist/fonts/type1/public/amsfonts/cm/cmex10.pfb></usr/local/texlive/2016/texmf-dist/fonts/type1/public/amsfonts/cm/cmmi10.pfb></usr/local/texlive/2016/texmf-dist/fonts/type1/public/amsfonts/cm/cmmi12.pfb></usr/local/texlive/2016/texmf-dist/fonts/type1/public/amsfonts/cm/cmmi5.pfb></usr/local/texlive/2016/texmf-dist/fonts/type1/public/amsfonts/cm/cmmi6.pfb></usr/local/texlive/2016/texmf-dist/fonts/type1/public/amsfonts/cm/cmmi7.pfb></usr/local/texlive/2016/texmf-dist/fonts/type1/public/amsfonts/cm/cmmi9.pfb></usr/local/texlive/2016/texmf-dist/fonts/type1/public/amsfonts/cm/cmr10.pfb></usr/local/texlive/2016/texmf-dist/fonts/type1/public/amsfonts/cm/cmr12.pfb></usr/local/texlive/2016/texmf-dist/fonts/type1/public/amsfonts/cm/cmr17.pfb></usr/local/texlive/2016/texmf-dist/fonts/type1/public/amsfonts/cm/cmr5.pfb></usr/local/texlive/2016/texmf-dist/fonts/type1/public/amsfonts/cm/cmr6.pfb></usr/local/texlive/2016/texmf-dist/fonts/type1/public/amsfonts/cm/cmr7.pfb></usr/local/texlive/2016/texmf-dist/fonts/type1/public/amsfonts/cm/cmr8.pfb></usr/local/texlive/2016/texmf-dist/fonts/type1/public/amsfonts/cm/cmr9.pfb></usr/local/texlive/2016/texmf-dist/fonts/type1/public/amsfonts/cm/cmss10.pfb></usr/local/texlive/2016/texmf-dist/fonts/type1/public/amsfonts/cm/cmsy10.pfb></usr/local/texlive/2016/texmf-dist/fonts/type1/public/amsfonts/cm/cmsy5.pfb></usr/local/texlive/2016/texmf-dist/fonts/type1/public/amsfonts/cm/cmsy6.pfb></usr/local/texlive/2016/texmf-dist/fonts/type1/public/amsfonts/cm/cmsy7.pfb></usr/local/texlive/2016/texmf-dist/fonts/type1/public/amsfonts/cm/cmsy8.pfb></usr/local/texlive/2016/texmf-dist/fonts/type1/public/amsfonts/cm/cmsy9.pfb></usr/local/texlive/2016/texmf-dist/fonts/type1/public/amsfonts/cm/cmti10.pfb></usr/local/texlive/2016/texmf-dist/fonts/type1/public/amsfonts/cm/cmti9.pfb></usr/local/texlive/2016/texmf-dist/fonts/type1/public/amsfonts/cm/cmtt10.pfb></usr/local/texlive/2016/texmf-dist/fonts/type1/public/amsfonts/cm/cmtt8.pfb></usr/local/texlive/2016/texmf-dist/fonts/type1/public/amsfonts/symbols/msam10.pfb></usr/local/texlive/2016/texmf-dist/fonts/type1/public/amsfonts/symbols/msbm10.pfb>
Output written on /Users/smsharma/PycharmProjects/spectral_distortions_perturbations/paper/draft-letter/firas-perturbations.pdf (12 pages, 1217874 bytes).
PDF statistics:
 1162 PDF objects out of 1200 (max. 8388607)
 1061 compressed objects within 11 object streams
 136 named destinations out of 1000 (max. 500000)
 146 words of extra memory for PDF output out of 10000 (max. 10000000)

